{"contracts/BetChain.sol":{"l":{"40":174,"41":166,"59":88,"60":87,"61":86,"63":85,"64":4,"67":84,"68":84,"70":84,"71":84,"72":84,"73":84,"74":84,"75":84,"76":84,"77":84,"78":84,"79":84,"81":84,"82":188,"83":188,"86":84,"99":76,"101":76,"102":75,"103":74,"105":73,"106":2,"109":72,"110":72,"111":72,"113":72,"125":37,"127":37,"128":36,"129":35,"130":33,"132":31,"133":31,"134":31,"136":31,"148":16,"149":16,"151":14,"152":14,"154":14,"155":14,"157":10,"158":10,"160":10,"161":10,"164":10,"166":10,"167":10,"169":10,"181":14,"182":14,"183":12,"184":11,"186":9,"189":9,"190":9,"192":9,"193":9,"195":9,"221":6,"223":6,"224":6,"227":6,"228":1,"241":5,"243":5,"244":5,"245":5,"246":5,"247":5,"248":5,"249":5,"250":5,"251":5,"253":5,"254":8,"255":8,"257":8,"258":8,"259":8,"260":8,"261":8,"262":8,"263":8,"264":8,"265":8,"268":5,"292":11,"293":11,"317":4,"318":4,"320":4,"321":4,"323":4,"324":17,"325":17,"328":4,"340":8,"341":8,"342":7,"349":3},"path":"/home/victor/wslDev/deployVercel/betChain/blockchain/contracts/BetChain.sol","s":{"1":174,"2":88,"3":87,"4":86,"5":85,"6":4,"7":84,"8":84,"9":84,"10":188,"11":84,"12":76,"13":76,"14":75,"15":74,"16":73,"17":2,"18":72,"19":37,"20":37,"21":36,"22":35,"23":33,"24":31,"25":16,"26":16,"27":14,"28":14,"29":14,"30":14,"31":10,"32":10,"33":10,"34":10,"35":10,"36":10,"37":10,"38":14,"39":14,"40":12,"41":11,"42":9,"43":9,"44":9,"45":9,"46":6,"47":6,"48":6,"49":6,"50":1,"51":5,"52":5,"53":8,"54":8,"55":5,"56":11,"57":11,"58":4,"59":4,"60":4,"61":4,"62":8,"63":8,"64":7,"65":3},"b":{"1":[166,8],"2":[87,1],"3":[86,1],"4":[85,1],"5":[4,81],"6":[3,1],"7":[76,2],"8":[75,1],"9":[74,1],"10":[73,1],"11":[2,71],"12":[1,1],"13":[37,1],"14":[36,1],"15":[35,1],"16":[33,2],"17":[31,2],"18":[17,0],"19":[16,1],"20":[14,2],"21":[14,0],"22":[10,4],"23":[10,0],"24":[10,0],"25":[10,0],"26":[15,0],"27":[14,1],"28":[12,2],"29":[11,1],"30":[9,2],"31":[9,0],"32":[9,0],"33":[2,4],"34":[2,4],"35":[1,5],"36":[11,1],"37":[4,7],"38":[4,1],"39":[8,1],"40":[7,1]},"f":{"1":174,"2":88,"3":76,"4":37,"5":16,"6":14,"7":6,"8":11,"9":4,"10":8,"11":3},"fnMap":{"1":{"name":"validBetId","line":39,"loc":{"start":{"line":39,"column":4},"end":{"line":42,"column":4}}},"2":{"name":"createBet","line":52,"loc":{"start":{"line":52,"column":4},"end":{"line":87,"column":4}}},"3":{"name":"placeBet","line":97,"loc":{"start":{"line":94,"column":4},"end":{"line":114,"column":4}}},"4":{"name":"finalizeBet","line":123,"loc":{"start":{"line":121,"column":4},"end":{"line":137,"column":4}}},"5":{"name":"withdrawPrize","line":146,"loc":{"start":{"line":143,"column":4},"end":{"line":170,"column":4}}},"6":{"name":"withdrawFee","line":179,"loc":{"start":{"line":176,"column":4},"end":{"line":196,"column":4}}},"7":{"name":"getAllBets","line":205,"loc":{"start":{"line":205,"column":4},"end":{"line":269,"column":4}}},"8":{"name":"getBetFullInfo","line":278,"loc":{"start":{"line":275,"column":4},"end":{"line":305,"column":4}}},"9":{"name":"getBetOptions","line":314,"loc":{"start":{"line":311,"column":4},"end":{"line":329,"column":4}}},"10":{"name":"getUserBetAmount","line":337,"loc":{"start":{"line":334,"column":4},"end":{"line":343,"column":4}}},"11":{"name":"getTotalBets","line":348,"loc":{"start":{"line":348,"column":4},"end":{"line":350,"column":4}}}},"statementMap":{"1":{"start":{"line":40,"column":8},"end":{"line":40,"column":62}},"2":{"start":{"line":59,"column":8},"end":{"line":59,"column":61}},"3":{"start":{"line":60,"column":8},"end":{"line":60,"column":58}},"4":{"start":{"line":61,"column":8},"end":{"line":61,"column":54}},"5":{"start":{"line":63,"column":8},"end":{"line":63,"column":1893}},"6":{"start":{"line":64,"column":12},"end":{"line":64,"column":66}},"7":{"start":{"line":68,"column":8},"end":{"line":68,"column":27}},"8":{"start":{"line":70,"column":8},"end":{"line":70,"column":32}},"9":{"start":{"line":81,"column":8},"end":{"line":81,"column":2372}},"10":{"start":{"line":82,"column":12},"end":{"line":82,"column":27}},"11":{"start":{"line":86,"column":8},"end":{"line":86,"column":56}},"12":{"start":{"line":99,"column":8},"end":{"line":99,"column":35}},"13":{"start":{"line":101,"column":8},"end":{"line":101,"column":40}},"14":{"start":{"line":102,"column":8},"end":{"line":102,"column":44}},"15":{"start":{"line":103,"column":8},"end":{"line":103,"column":61}},"16":{"start":{"line":105,"column":8},"end":{"line":105,"column":3049}},"17":{"start":{"line":106,"column":12},"end":{"line":106,"column":67}},"18":{"start":{"line":113,"column":8},"end":{"line":113,"column":62}},"19":{"start":{"line":125,"column":8},"end":{"line":125,"column":35}},"20":{"start":{"line":127,"column":8},"end":{"line":127,"column":54}},"21":{"start":{"line":128,"column":8},"end":{"line":128,"column":45}},"22":{"start":{"line":129,"column":8},"end":{"line":129,"column":68}},"23":{"start":{"line":130,"column":8},"end":{"line":130,"column":51}},"24":{"start":{"line":136,"column":8},"end":{"line":136,"column":49}},"25":{"start":{"line":148,"column":8},"end":{"line":148,"column":35}},"26":{"start":{"line":149,"column":8},"end":{"line":149,"column":44}},"27":{"start":{"line":151,"column":8},"end":{"line":151,"column":43}},"28":{"start":{"line":152,"column":8},"end":{"line":152,"column":62}},"29":{"start":{"line":154,"column":8},"end":{"line":154,"column":63}},"30":{"start":{"line":155,"column":8},"end":{"line":155,"column":42}},"31":{"start":{"line":157,"column":8},"end":{"line":157,"column":60}},"32":{"start":{"line":158,"column":8},"end":{"line":158,"column":45}},"33":{"start":{"line":160,"column":8},"end":{"line":160,"column":69}},"34":{"start":{"line":161,"column":8},"end":{"line":161,"column":59}},"35":{"start":{"line":166,"column":8},"end":{"line":166,"column":64}},"36":{"start":{"line":167,"column":8},"end":{"line":167,"column":37}},"37":{"start":{"line":169,"column":8},"end":{"line":169,"column":53}},"38":{"start":{"line":181,"column":8},"end":{"line":181,"column":35}},"39":{"start":{"line":182,"column":8},"end":{"line":182,"column":44}},"40":{"start":{"line":183,"column":8},"end":{"line":183,"column":54}},"41":{"start":{"line":184,"column":8},"end":{"line":184,"column":54}},"42":{"start":{"line":186,"column":8},"end":{"line":186,"column":60}},"43":{"start":{"line":192,"column":8},"end":{"line":192,"column":62}},"44":{"start":{"line":193,"column":8},"end":{"line":193,"column":37}},"45":{"start":{"line":195,"column":8},"end":{"line":195,"column":49}},"46":{"start":{"line":221,"column":8},"end":{"line":221,"column":33}},"47":{"start":{"line":223,"column":8},"end":{"line":223,"column":39}},"48":{"start":{"line":224,"column":8},"end":{"line":224,"column":38}},"49":{"start":{"line":227,"column":8},"end":{"line":227,"column":6734}},"50":{"start":{"line":228,"column":12},"end":{"line":228,"column":6770}},"51":{"start":{"line":241,"column":8},"end":{"line":241,"column":38}},"52":{"start":{"line":253,"column":8},"end":{"line":253,"column":7493}},"53":{"start":{"line":254,"column":12},"end":{"line":254,"column":37}},"54":{"start":{"line":255,"column":12},"end":{"line":255,"column":39}},"55":{"start":{"line":268,"column":8},"end":{"line":268,"column":99}},"56":{"start":{"line":292,"column":8},"end":{"line":292,"column":35}},"57":{"start":{"line":293,"column":8},"end":{"line":293,"column":8670}},"58":{"start":{"line":317,"column":8},"end":{"line":317,"column":35}},"59":{"start":{"line":318,"column":8},"end":{"line":318,"column":38}},"60":{"start":{"line":323,"column":8},"end":{"line":323,"column":9424}},"61":{"start":{"line":328,"column":8},"end":{"line":328,"column":30}},"62":{"start":{"line":340,"column":8},"end":{"line":340,"column":35}},"63":{"start":{"line":341,"column":8},"end":{"line":341,"column":61}},"64":{"start":{"line":342,"column":8},"end":{"line":342,"column":45}},"65":{"start":{"line":349,"column":8},"end":{"line":349,"column":21}}},"branchMap":{"1":{"line":40,"type":"if","locations":[{"start":{"line":40,"column":8},"end":{"line":40,"column":8}},{"start":{"line":40,"column":8},"end":{"line":40,"column":8}}]},"2":{"line":59,"type":"if","locations":[{"start":{"line":59,"column":8},"end":{"line":59,"column":8}},{"start":{"line":59,"column":8},"end":{"line":59,"column":8}}]},"3":{"line":60,"type":"if","locations":[{"start":{"line":60,"column":8},"end":{"line":60,"column":8}},{"start":{"line":60,"column":8},"end":{"line":60,"column":8}}]},"4":{"line":61,"type":"if","locations":[{"start":{"line":61,"column":8},"end":{"line":61,"column":8}},{"start":{"line":61,"column":8},"end":{"line":61,"column":8}}]},"5":{"line":63,"type":"if","locations":[{"start":{"line":63,"column":8},"end":{"line":63,"column":8}},{"start":{"line":63,"column":8},"end":{"line":63,"column":8}}]},"6":{"line":64,"type":"if","locations":[{"start":{"line":64,"column":12},"end":{"line":64,"column":12}},{"start":{"line":64,"column":12},"end":{"line":64,"column":12}}]},"7":{"line":97,"type":"if","locations":[{"start":{"line":97,"column":8},"end":{"line":97,"column":8}},{"start":{"line":97,"column":8},"end":{"line":97,"column":8}}]},"8":{"line":101,"type":"if","locations":[{"start":{"line":101,"column":8},"end":{"line":101,"column":8}},{"start":{"line":101,"column":8},"end":{"line":101,"column":8}}]},"9":{"line":102,"type":"if","locations":[{"start":{"line":102,"column":8},"end":{"line":102,"column":8}},{"start":{"line":102,"column":8},"end":{"line":102,"column":8}}]},"10":{"line":103,"type":"if","locations":[{"start":{"line":103,"column":8},"end":{"line":103,"column":8}},{"start":{"line":103,"column":8},"end":{"line":103,"column":8}}]},"11":{"line":105,"type":"if","locations":[{"start":{"line":105,"column":8},"end":{"line":105,"column":8}},{"start":{"line":105,"column":8},"end":{"line":105,"column":8}}]},"12":{"line":106,"type":"if","locations":[{"start":{"line":106,"column":12},"end":{"line":106,"column":12}},{"start":{"line":106,"column":12},"end":{"line":106,"column":12}}]},"13":{"line":123,"type":"if","locations":[{"start":{"line":123,"column":8},"end":{"line":123,"column":8}},{"start":{"line":123,"column":8},"end":{"line":123,"column":8}}]},"14":{"line":127,"type":"if","locations":[{"start":{"line":127,"column":8},"end":{"line":127,"column":8}},{"start":{"line":127,"column":8},"end":{"line":127,"column":8}}]},"15":{"line":128,"type":"if","locations":[{"start":{"line":128,"column":8},"end":{"line":128,"column":8}},{"start":{"line":128,"column":8},"end":{"line":128,"column":8}}]},"16":{"line":129,"type":"if","locations":[{"start":{"line":129,"column":8},"end":{"line":129,"column":8}},{"start":{"line":129,"column":8},"end":{"line":129,"column":8}}]},"17":{"line":130,"type":"if","locations":[{"start":{"line":130,"column":8},"end":{"line":130,"column":8}},{"start":{"line":130,"column":8},"end":{"line":130,"column":8}}]},"18":{"line":145,"type":"if","locations":[{"start":{"line":145,"column":8},"end":{"line":145,"column":8}},{"start":{"line":145,"column":8},"end":{"line":145,"column":8}}]},"19":{"line":146,"type":"if","locations":[{"start":{"line":146,"column":8},"end":{"line":146,"column":8}},{"start":{"line":146,"column":8},"end":{"line":146,"column":8}}]},"20":{"line":149,"type":"if","locations":[{"start":{"line":149,"column":8},"end":{"line":149,"column":8}},{"start":{"line":149,"column":8},"end":{"line":149,"column":8}}]},"21":{"line":152,"type":"if","locations":[{"start":{"line":152,"column":8},"end":{"line":152,"column":8}},{"start":{"line":152,"column":8},"end":{"line":152,"column":8}}]},"22":{"line":155,"type":"if","locations":[{"start":{"line":155,"column":8},"end":{"line":155,"column":8}},{"start":{"line":155,"column":8},"end":{"line":155,"column":8}}]},"23":{"line":158,"type":"if","locations":[{"start":{"line":158,"column":8},"end":{"line":158,"column":8}},{"start":{"line":158,"column":8},"end":{"line":158,"column":8}}]},"24":{"line":160,"type":"if","locations":[{"start":{"line":160,"column":48},"end":{"line":160,"column":64}},{"start":{"line":160,"column":68},"end":{"line":160,"column":68}}]},"25":{"line":167,"type":"if","locations":[{"start":{"line":167,"column":8},"end":{"line":167,"column":8}},{"start":{"line":167,"column":8},"end":{"line":167,"column":8}}]},"26":{"line":178,"type":"if","locations":[{"start":{"line":178,"column":8},"end":{"line":178,"column":8}},{"start":{"line":178,"column":8},"end":{"line":178,"column":8}}]},"27":{"line":179,"type":"if","locations":[{"start":{"line":179,"column":8},"end":{"line":179,"column":8}},{"start":{"line":179,"column":8},"end":{"line":179,"column":8}}]},"28":{"line":182,"type":"if","locations":[{"start":{"line":182,"column":8},"end":{"line":182,"column":8}},{"start":{"line":182,"column":8},"end":{"line":182,"column":8}}]},"29":{"line":183,"type":"if","locations":[{"start":{"line":183,"column":8},"end":{"line":183,"column":8}},{"start":{"line":183,"column":8},"end":{"line":183,"column":8}}]},"30":{"line":184,"type":"if","locations":[{"start":{"line":184,"column":8},"end":{"line":184,"column":8}},{"start":{"line":184,"column":8},"end":{"line":184,"column":8}}]},"31":{"line":186,"type":"if","locations":[{"start":{"line":186,"column":43},"end":{"line":186,"column":45}},{"start":{"line":186,"column":49},"end":{"line":186,"column":59}}]},"32":{"line":193,"type":"if","locations":[{"start":{"line":193,"column":8},"end":{"line":193,"column":8}},{"start":{"line":193,"column":8},"end":{"line":193,"column":8}}]},"33":{"line":221,"type":"if","locations":[{"start":{"line":221,"column":8},"end":{"line":221,"column":8}},{"start":{"line":221,"column":8},"end":{"line":221,"column":8}}]},"34":{"line":224,"type":"if","locations":[{"start":{"line":224,"column":8},"end":{"line":224,"column":8}},{"start":{"line":224,"column":8},"end":{"line":224,"column":8}}]},"35":{"line":227,"type":"if","locations":[{"start":{"line":227,"column":8},"end":{"line":227,"column":8}},{"start":{"line":227,"column":8},"end":{"line":227,"column":8}}]},"36":{"line":278,"type":"if","locations":[{"start":{"line":278,"column":8},"end":{"line":278,"column":8}},{"start":{"line":278,"column":8},"end":{"line":278,"column":8}}]},"37":{"line":303,"type":"if","locations":[{"start":{"line":303,"column":26},"end":{"line":303,"column":40}},{"start":{"line":303,"column":44},"end":{"line":303,"column":60}}]},"38":{"line":314,"type":"if","locations":[{"start":{"line":314,"column":8},"end":{"line":314,"column":8}},{"start":{"line":314,"column":8},"end":{"line":314,"column":8}}]},"39":{"line":337,"type":"if","locations":[{"start":{"line":337,"column":8},"end":{"line":337,"column":8}},{"start":{"line":337,"column":8},"end":{"line":337,"column":8}}]},"40":{"line":341,"type":"if","locations":[{"start":{"line":341,"column":8},"end":{"line":341,"column":8}},{"start":{"line":341,"column":8},"end":{"line":341,"column":8}}]}}}}